2025-01-20 14:34:00,200 - INFO - Starting the pipeline process.
2025-01-20 14:34:00,200 - INFO - Starting get_pgn.py for username: Cosmos_IV
2025-01-20 14:34:09,380 - INFO - Completed get_pgn.py for username: Cosmos_IV in 9.18 seconds.
2025-01-20 14:34:09,380 - INFO - Starting get_pgn.py for username: CosmosSolitarus
2025-01-20 14:34:20,483 - INFO - Completed get_pgn.py for username: CosmosSolitarus in 11.10 seconds.
2025-01-20 14:34:20,483 - INFO - Starting pgn_to_csv.py for username: Cosmos_IV
2025-01-20 14:34:28,650 - INFO - Completed pgn_to_csv.py for username: Cosmos_IV in 8.17 seconds.
2025-01-20 14:34:28,650 - INFO - Starting pgn_to_csv.py for username: CosmosSolitarus
2025-01-20 14:34:36,175 - INFO - Completed pgn_to_csv.py for username: CosmosSolitarus in 7.52 seconds.
2025-01-20 14:34:36,175 - INFO - Starting combine_csv.py with all usernames.
2025-01-20 14:34:36,220 - INFO - Completed combine_csv.py in 0.05 seconds.
2025-01-20 14:34:36,221 - INFO - Starting feature_engineering.py.
2025-01-20 14:34:39,218 - INFO - Completed feature_engineering.py in 3.00 seconds.
2025-01-20 14:34:39,218 - INFO - Pipeline process completed in 39.02 seconds.
2025-01-20 16:09:05,195 - INFO - Starting the pipeline process.
2025-01-20 16:09:05,195 - INFO - Starting get_pgn.py for username: Cosmos_IV
2025-01-20 16:09:13,755 - INFO - Completed get_pgn.py for username: Cosmos_IV in 8.56 seconds.
2025-01-20 16:09:13,755 - INFO - Starting get_pgn.py for username: CosmosSolitarus
2025-01-20 16:09:22,818 - INFO - Completed get_pgn.py for username: CosmosSolitarus in 9.06 seconds.
2025-01-20 16:09:22,818 - INFO - Starting pgn_to_csv.py for username: Cosmos_IV
2025-01-20 16:09:31,055 - INFO - Completed pgn_to_csv.py for username: Cosmos_IV in 8.24 seconds.
2025-01-20 16:09:31,055 - INFO - Starting pgn_to_csv.py for username: CosmosSolitarus
2025-01-20 16:09:38,720 - INFO - Completed pgn_to_csv.py for username: CosmosSolitarus in 7.66 seconds.
2025-01-20 16:09:38,720 - INFO - Starting combine_csv.py with all usernames.
2025-01-20 16:09:38,758 - INFO - Completed combine_csv.py in 0.04 seconds.
2025-01-20 16:09:38,758 - INFO - Starting feature_engineering.py.
2025-01-20 16:09:41,770 - INFO - Completed feature_engineering.py in 3.01 seconds.
2025-01-20 16:09:41,770 - INFO - Pipeline process completed in 36.57 seconds.
2025-01-24 23:27:48,503 - INFO - Starting the pipeline process.
2025-01-24 23:27:48,504 - INFO - Starting get_pgn.py for username: Cosmos_IV
2025-01-24 23:28:24,011 - INFO - Completed get_pgn.py for username: Cosmos_IV in 35.51 seconds.
2025-01-24 23:28:24,011 - INFO - Starting get_pgn.py for username: CosmosSolitarus
2025-01-24 23:28:55,031 - INFO - Completed get_pgn.py for username: CosmosSolitarus in 31.02 seconds.
2025-01-24 23:28:55,031 - INFO - Starting pgn_to_csv.py for username: Cosmos_IV
2025-01-24 23:29:02,920 - INFO - Completed pgn_to_csv.py for username: Cosmos_IV in 7.89 seconds.
2025-01-24 23:29:02,920 - INFO - Starting pgn_to_csv.py for username: CosmosSolitarus
2025-01-24 23:29:10,151 - INFO - Completed pgn_to_csv.py for username: CosmosSolitarus in 7.23 seconds.
2025-01-24 23:29:10,152 - INFO - Starting combine_csv.py with all usernames.
2025-01-24 23:29:10,213 - INFO - Completed combine_csv.py in 0.06 seconds.
2025-01-24 23:29:10,213 - INFO - Starting feature_engineering.py.
2025-01-24 23:29:13,119 - INFO - Completed feature_engineering.py in 2.91 seconds.
2025-01-24 23:29:13,119 - INFO - Pipeline process completed in 84.62 seconds.
2025-01-26 17:20:44,545 - INFO - Starting the pipeline process.
2025-01-26 17:20:44,545 - INFO - Starting get_pgn.py for username: Cosmos_IV
2025-01-26 17:20:53,346 - INFO - Completed get_pgn.py for username: Cosmos_IV in 8.80 seconds.
2025-01-26 17:20:53,347 - INFO - Starting get_pgn.py for username: CosmosSolitarus
2025-01-26 17:21:02,252 - INFO - Completed get_pgn.py for username: CosmosSolitarus in 8.91 seconds.
2025-01-26 17:21:02,252 - INFO - Starting pgn_to_csv.py for username: Cosmos_IV
2025-01-26 17:21:10,258 - INFO - Completed pgn_to_csv.py for username: Cosmos_IV in 8.01 seconds.
2025-01-26 17:21:10,258 - INFO - Starting pgn_to_csv.py for username: CosmosSolitarus
2025-01-26 17:21:17,563 - INFO - Completed pgn_to_csv.py for username: CosmosSolitarus in 7.31 seconds.
2025-01-26 17:21:17,563 - INFO - Starting combine_csv.py with all usernames.
2025-01-26 17:21:17,603 - INFO - Completed combine_csv.py in 0.04 seconds.
2025-01-26 17:21:17,603 - INFO - Starting feature_engineering.py.
2025-01-26 17:21:20,531 - INFO - Completed feature_engineering.py in 2.93 seconds.
2025-01-26 17:21:20,532 - INFO - Pipeline process completed in 35.99 seconds.
